[2023-11-19 1:02:17]	[ALERT]	404 - erreur dans le processus de traitement du routage
    routeInfo: array(
        0 => 1,
        1 => 'admin@admin',
        2 => array(),
    )
    exception-line: 28
    exception-file: 'C:\Users\sophie\Documents\$$$S5\loufok-2.0\src\Controller\AdminController.php'
    exception-code: 'Undefined array key "user"'
[2023-11-19 1:12:57]	[ALERT]	404 - erreur dans le processus de traitement du routage
    routeInfo: array(
        0 => 1,
        1 => 'admin@admin',
        2 => array(),
    )
    exception-line: 103
    exception-file: 'C:\Users\sophie\Documents\$$$S5\loufok-2.0\src\router.php'
    exception-code: 'Undefined variable $routes'
[2023-11-19 1:13:40]	[ALERT]	404 - erreur dans le processus de traitement du routage
    routeInfo: array(
        0 => 1,
        1 => 'admin@admin',
        2 => array(),
    )
    exception-line: 103
    exception-file: 'C:\Users\sophie\Documents\$$$S5\loufok-2.0\src\router.php'
    exception-code: 'foreach() argument must be of type array|object, string given'
[2023-11-19 1:14:28]	[ALERT]	404 - erreur dans le processus de traitement du routage
    routeInfo: array(
        0 => 1,
        1 => 'admin@admin',
        2 => array(),
    )
    exception-line: 104
    exception-file: 'C:\Users\sophie\Documents\$$$S5\loufok-2.0\src\router.php'
    exception-code: 'Undefined array key "route"'
[2023-11-19 1:14:58]	[ALERT]	404 - erreur dans le processus de traitement du routage
    routeInfo: array(
        0 => 1,
        1 => 'admin@admin',
        2 => array(),
    )
    exception-line: 105
    exception-file: 'C:\Users\sophie\Documents\$$$S5\loufok-2.0\src\router.php'
    exception-code: 'Undefined array key "route"'
[2023-11-19 2:47:53]	[ALERT]	404 - commande non existante :: /loufok/true
[2023-11-19 2:49:07]	[ALERT]	404 - erreur dans le processus de traitement du routage
    routeInfo: array(
        0 => 1,
        1 => 'admin@admin',
        2 => array(),
    )
    exception-line: 120
    exception-file: 'C:\Users\sophie\Documents\$$$S5\loufok-2.0\src\View\admin\admin.html.twig'
    exception-code: 'Unexpected token "operator" of value "/".'
[2023-11-19 2:53:39]	[ALERT]	404 - commande non existante :: /loufok/loufok/login
[2023-11-19 2:54:16]	[ALERT]	404 - commande non existante :: /loufok/loufok/admin
[2023-11-19 2:54:19]	[ALERT]	404 - commande non existante :: /loufok/loufok/admin
[2023-11-19 2:54:22]	[ALERT]	404 - commande non existante :: /loufok/loufok/admin
[2023-11-19 2:57:57]	[ALERT]	404 - commande non existante :: /loufok/loufok/ad_mail_administrateur
[2023-11-19 2:57:59]	[ALERT]	404 - commande non existante :: /loufok/loufok/ad_mail_administrateur
[2023-11-19 2:58:55]	[ALERT]	404 - commande non existante :: /loufok/loufok/ad_mail_administrateur
[2023-11-19 2:59:14]	[ALERT]	404 - commande non existante :: /loufok/loufok/ad_mail_administrateur
[2023-11-19 3:01:42]	[ALERT]	404 - commande non existante :: /loufok/loufok/ad_mail_administrateur
[2023-11-19 3:01:45]	[ALERT]	404 - commande non existante :: /loufok/loufok/ad_mail_administrateur
[2023-11-19 3:01:49]	[ALERT]	404 - commande non existante :: /loufok/loufok/ad_mail_administrateur
[2023-11-19 3:03:05]	[ALERT]	404 - commande non existante :: /loufok/loufok/ad_mail_administrateur
[2023-11-19 3:03:08]	[ALERT]	404 - commande non existante :: /loufok/loufok/ad_mail_administrateur
[2023-11-19 3:03:21]	[ALERT]	404 - commande non existante :: /loufok/loufok/admin
[2023-11-19 3:03:28]	[ALERT]	404 - commande non existante :: /loufok/loufok/admin
[2023-11-19 3:03:47]	[ALERT]	404 - commande non existante :: /loufok/loufok/admin
[2023-11-19 3:03:49]	[ALERT]	404 - commande non existante :: /loufok/loufok/admin
[2023-11-19 3:04:33]	[ALERT]	404 - commande non existante :: /loufok/loufok/admin
[2023-11-19 3:14:03]	[ALERT]	404 - commande non existante :: /loufok/loufok/admin
[2023-11-19 3:14:06]	[ALERT]	404 - commande non existante :: /loufok/loufok/admin
[2023-11-19 3:14:18]	[ALERT]	404 - commande non existante :: /loufok/loufok/admin
[2023-11-19 3:14:55]	[ALERT]	404 - commande non existante :: /loufok/loufok/admin
[2023-11-19 3:14:59]	[ALERT]	404 - commande non existante :: /loufok/loufok/admin
[2023-11-19 3:17:29]	[ALERT]	404 - commande non existante :: /loufok/loufok/admin
[2023-11-19 3:28:18]	[ALERT]	404 - commande non existante :: /loufok/loufok/admin
[2023-11-19 17:09:14]	[ALERT]	404 - erreur dans le processus de traitement du routage
    routeInfo: array(
        0 => 1,
        1 => 'admin@nouveauCadavre',
        2 => array(),
    )
    exception-line: 139
    exception-file: 'C:\Users\sophie\Documents\$$$S5\loufok-2.0\vendor\symfony\validator\Constraints\RangeValidator.php'
    exception-code: 'Object of class DateTime could not be converted to int'
[2023-11-19 17:47:37]	[ALERT]	404 - erreur dans le processus de traitement du routage
    routeInfo: array(
        0 => 1,
        1 => 'admin@nouveauCadavre',
        2 => array(),
    )
    exception-line: 147
    exception-file: 'C:\Users\sophie\Documents\$$$S5\loufok-2.0\src\Model\CadavreModel.php'
    exception-code: 'Undefined variable $errors'
[2023-11-19 17:48:53]	[ALERT]	404 - erreur dans le processus de traitement du routage
    routeInfo: array(
        0 => 1,
        1 => 'admin@nouveauCadavre',
        2 => array(),
    )
    exception-line: 147
    exception-file: 'C:\Users\sophie\Documents\$$$S5\loufok-2.0\src\Model\CadavreModel.php'
    exception-code: 'Undefined variable $errors'
