[2023-11-24 0:05:45]	[ALERT]	404 - erreur dans le processus de traitement du routage
    routeInfo: array(
        0 => 1,
        1 => 'contribution@contribution',
        2 => array(),
    )
    exception-line: 71
    exception-file: 'C:\Users\sophie\Documents\$$$S5\loufok-2.0\src\Controller\ContributionController.php'
    exception-code: 'Trying to access array offset on value of type null'
[2023-11-24 0:07:26]	[ALERT]	404 - erreur dans le processus de traitement du routage
    routeInfo: array(
        0 => 1,
        1 => 'contribution@contribution',
        2 => array(),
    )
    exception-line: 73
    exception-file: 'C:\Users\sophie\Documents\$$$S5\loufok-2.0\src\Controller\ContributionController.php'
    exception-code: 'Trying to access array offset on value of type null'
[2023-11-24 0:07:49]	[ALERT]	404 - erreur dans le processus de traitement du routage
    routeInfo: array(
        0 => 1,
        1 => 'contribution@contribution',
        2 => array(),
    )
    exception-line: 74
    exception-file: 'C:\Users\sophie\Documents\$$$S5\loufok-2.0\src\Controller\ContributionController.php'
    exception-code: 'Trying to access array offset on value of type null'
[2023-11-24 0:08:02]	[ALERT]	404 - erreur dans le processus de traitement du routage
    routeInfo: array(
        0 => 1,
        1 => 'contribution@contribution',
        2 => array(),
    )
    exception-line: 73
    exception-file: 'C:\Users\sophie\Documents\$$$S5\loufok-2.0\src\Controller\ContributionController.php'
    exception-code: 'Trying to access array offset on value of type null'
[2023-11-24 0:08:13]	[ALERT]	404 - erreur dans le processus de traitement du routage
    routeInfo: array(
        0 => 1,
        1 => 'contribution@contribution',
        2 => array(),
    )
    exception-line: 73
    exception-file: 'C:\Users\sophie\Documents\$$$S5\loufok-2.0\src\Controller\ContributionController.php'
    exception-code: 'Trying to access array offset on value of type null'
[2023-11-24 0:08:17]	[ALERT]	404 - erreur dans le processus de traitement du routage
    routeInfo: array(
        0 => 1,
        1 => 'contribution@contribution',
        2 => array(),
    )
    exception-line: 73
    exception-file: 'C:\Users\sophie\Documents\$$$S5\loufok-2.0\src\Controller\ContributionController.php'
    exception-code: 'Trying to access array offset on value of type null'
[2023-11-24 0:10:06]	[ALERT]	404 - erreur dans le processus de traitement du routage
    routeInfo: array(
        0 => 1,
        1 => 'contribution@contribution',
        2 => array(),
    )
    exception-line: 73
    exception-file: 'C:\Users\sophie\Documents\$$$S5\loufok-2.0\src\Controller\ContributionController.php'
    exception-code: 'Trying to access array offset on value of type null'
[2023-11-24 0:10:48]	[ALERT]	404 - erreur dans le processus de traitement du routage
    routeInfo: array(
        0 => 1,
        1 => 'contribution@contribution',
        2 => array(),
    )
    exception-line: 74
    exception-file: 'C:\Users\sophie\Documents\$$$S5\loufok-2.0\src\Controller\ContributionController.php'
    exception-code: 'Trying to access array offset on value of type null'
[2023-11-24 0:12:40]	[ALERT]	404 - erreur dans le processus de traitement du routage
    routeInfo: array(
        0 => 1,
        1 => 'contribution@contribution',
        2 => array(),
    )
    exception-line: 74
    exception-file: 'C:\Users\sophie\Documents\$$$S5\loufok-2.0\src\Controller\ContributionController.php'
    exception-code: 'Trying to access array offset on value of type null'
[2023-11-24 0:12:58]	[ALERT]	404 - erreur dans le processus de traitement du routage
    routeInfo: array(
        0 => 1,
        1 => 'contribution@contribution',
        2 => array(),
    )
    exception-line: 74
    exception-file: 'C:\Users\sophie\Documents\$$$S5\loufok-2.0\src\Controller\ContributionController.php'
    exception-code: 'Trying to access array offset on value of type null'
[2023-11-24 0:13:42]	[ALERT]	404 - erreur dans le processus de traitement du routage
    routeInfo: array(
        0 => 1,
        1 => 'contribution@contribution',
        2 => array(),
    )
    exception-line: 72
    exception-file: 'C:\Users\sophie\Documents\$$$S5\loufok-2.0\src\Controller\ContributionController.php'
    exception-code: 'Trying to access array offset on value of type null'
[2023-11-24 0:14:30]	[ALERT]	404 - erreur dans le processus de traitement du routage
    routeInfo: array(
        0 => 1,
        1 => 'contribution@contribution',
        2 => array(),
    )
    exception-line: 72
    exception-file: 'C:\Users\sophie\Documents\$$$S5\loufok-2.0\src\Controller\ContributionController.php'
    exception-code: 'Undefined variable $random'
[2023-11-24 0:16:16]	[ALERT]	404 - erreur dans le processus de traitement du routage
    routeInfo: array(
        0 => 1,
        1 => 'contribution@contribution',
        2 => array(),
    )
    exception-line: 72
    exception-file: 'C:\Users\sophie\Documents\$$$S5\loufok-2.0\src\Controller\ContributionController.php'
    exception-code: 'Trying to access array offset on value of type null'
[2023-11-24 0:16:28]	[ALERT]	404 - erreur dans le processus de traitement du routage
    routeInfo: array(
        0 => 1,
        1 => 'contribution@contribution',
        2 => array(),
    )
    exception-line: 72
    exception-file: 'C:\Users\sophie\Documents\$$$S5\loufok-2.0\src\Controller\ContributionController.php'
    exception-code: 'Trying to access array offset on value of type null'
[2023-11-24 0:16:52]	[ALERT]	404 - erreur dans le processus de traitement du routage
    routeInfo: array(
        0 => 1,
        1 => 'contribution@contribution',
        2 => array(),
    )
    exception-line: 72
    exception-file: 'C:\Users\sophie\Documents\$$$S5\loufok-2.0\src\Controller\ContributionController.php'
    exception-code: 'Trying to access array offset on value of type null'
[2023-11-24 0:17:18]	[ALERT]	404 - erreur dans le processus de traitement du routage
    routeInfo: array(
        0 => 1,
        1 => 'contribution@contribution',
        2 => array(),
    )
    exception-line: 72
    exception-file: 'C:\Users\sophie\Documents\$$$S5\loufok-2.0\src\Controller\ContributionController.php'
    exception-code: 'Trying to access array offset on value of type null'
[2023-11-24 0:17:23]	[ALERT]	404 - erreur dans le processus de traitement du routage
    routeInfo: array(
        0 => 1,
        1 => 'contribution@contribution',
        2 => array(),
    )
    exception-line: 72
    exception-file: 'C:\Users\sophie\Documents\$$$S5\loufok-2.0\src\Controller\ContributionController.php'
    exception-code: 'Trying to access array offset on value of type null'
[2023-11-24 0:17:30]	[ALERT]	404 - erreur dans le processus de traitement du routage
    routeInfo: array(
        0 => 1,
        1 => 'contribution@contribution',
        2 => array(),
    )
    exception-line: 43
    exception-file: 'C:\Users\sophie\Documents\$$$S5\loufok-2.0\src\Model\ContributionModel.php'
    exception-code: 'Undefined array key 0'
[2023-11-24 0:17:52]	[ALERT]	404 - erreur dans le processus de traitement du routage
    routeInfo: array(
        0 => 1,
        1 => 'contribution@contribution',
        2 => array(),
    )
    exception-line: 72
    exception-file: 'C:\Users\sophie\Documents\$$$S5\loufok-2.0\src\Controller\ContributionController.php'
    exception-code: 'Trying to access array offset on value of type null'
[2023-11-24 0:18:13]	[ALERT]	404 - erreur dans le processus de traitement du routage
    routeInfo: array(
        0 => 1,
        1 => 'contribution@contribution',
        2 => array(),
    )
    exception-line: 72
    exception-file: 'C:\Users\sophie\Documents\$$$S5\loufok-2.0\src\Controller\ContributionController.php'
    exception-code: 'Trying to access array offset on value of type null'
[2023-11-24 0:19:30]	[ALERT]	404 - erreur dans le processus de traitement du routage
    routeInfo: array(
        0 => 1,
        1 => 'contribution@contribution',
        2 => array(),
    )
    exception-line: 74
    exception-file: 'C:\Users\sophie\Documents\$$$S5\loufok-2.0\src\Controller\ContributionController.php'
    exception-code: 'Trying to access array offset on value of type int'
[2023-11-24 0:19:41]	[ALERT]	404 - erreur dans le processus de traitement du routage
    routeInfo: array(
        0 => 1,
        1 => 'contribution@contribution',
        2 => array(),
    )
    exception-line: 74
    exception-file: 'C:\Users\sophie\Documents\$$$S5\loufok-2.0\src\Controller\ContributionController.php'
    exception-code: 'Trying to access array offset on value of type int'
[2023-11-24 0:20:05]	[ALERT]	404 - erreur dans le processus de traitement du routage
    routeInfo: array(
        0 => 1,
        1 => 'contribution@contribution',
        2 => array(),
    )
    exception-line: 74
    exception-file: 'C:\Users\sophie\Documents\$$$S5\loufok-2.0\src\Controller\ContributionController.php'
    exception-code: 'Trying to access array offset on value of type int'
[2023-11-24 0:20:28]	[ALERT]	404 - erreur dans le processus de traitement du routage
    routeInfo: array(
        0 => 1,
        1 => 'contribution@contribution',
        2 => array(),
    )
    exception-line: 74
    exception-file: 'C:\Users\sophie\Documents\$$$S5\loufok-2.0\src\Controller\ContributionController.php'
    exception-code: 'Trying to access array offset on value of type int'
[2023-11-24 0:23:14]	[ALERT]	404 - erreur dans le processus de traitement du routage
    routeInfo: array(
        0 => 1,
        1 => 'contribution@contribution',
        2 => array(),
    )
    exception-line: 71
    exception-file: 'C:\Users\sophie\Documents\$$$S5\loufok-2.0\src\Controller\ContributionController.php'
    exception-code: 'Trying to access array offset on value of type int'
[2023-11-24 0:24:59]	[ALERT]	404 - erreur dans le processus de traitement du routage
    routeInfo: array(
        0 => 1,
        1 => 'contribution@contribution',
        2 => array(),
    )
    exception-line: 74
    exception-file: 'C:\Users\sophie\Documents\$$$S5\loufok-2.0\src\Controller\ContributionController.php'
    exception-code: 'Undefined array key "texte_contribution"'
[2023-11-24 1:30:53]	[ALERT]	404 - erreur dans le processus de traitement du routage
    routeInfo: array(
        0 => 1,
        1 => 'contribution@contribution',
        2 => array(),
    )
    exception-line: 74
    exception-file: 'C:\Users\sophie\Documents\$$$S5\loufok-2.0\src\Controller\ContributionController.php'
    exception-code: 'Undefined array key "texte_contribution"'
[2023-11-24 1:34:54]	[ALERT]	404 - erreur dans le processus de traitement du routage
    routeInfo: array(
        0 => 1,
        1 => 'contribution@contribution',
        2 => array(),
    )
    exception-line: 76
    exception-file: 'C:\Users\sophie\Documents\$$$S5\loufok-2.0\src\Controller\ContributionController.php'
    exception-code: 'Trying to access array offset on value of type null'
[2023-11-24 1:35:22]	[ALERT]	404 - erreur dans le processus de traitement du routage
    routeInfo: array(
        0 => 1,
        1 => 'contribution@contribution',
        2 => array(),
    )
    exception-line: 76
    exception-file: 'C:\Users\sophie\Documents\$$$S5\loufok-2.0\src\Controller\ContributionController.php'
    exception-code: 'Trying to access array offset on value of type null'
[2023-11-24 1:35:46]	[ALERT]	404 - erreur dans le processus de traitement du routage
    routeInfo: array(
        0 => 1,
        1 => 'contribution@contribution',
        2 => array(),
    )
    exception-line: 76
    exception-file: 'C:\Users\sophie\Documents\$$$S5\loufok-2.0\src\Controller\ContributionController.php'
    exception-code: 'Trying to access array offset on value of type null'
[2023-11-24 1:36:04]	[ALERT]	404 - erreur dans le processus de traitement du routage
    routeInfo: array(
        0 => 1,
        1 => 'contribution@contribution',
        2 => array(),
    )
    exception-line: 76
    exception-file: 'C:\Users\sophie\Documents\$$$S5\loufok-2.0\src\Controller\ContributionController.php'
    exception-code: 'Trying to access array offset on value of type null'
[2023-11-24 1:36:16]	[ALERT]	404 - erreur dans le processus de traitement du routage
    routeInfo: array(
        0 => 1,
        1 => 'contribution@contribution',
        2 => array(),
    )
    exception-line: 76
    exception-file: 'C:\Users\sophie\Documents\$$$S5\loufok-2.0\src\Controller\ContributionController.php'
    exception-code: 'Trying to access array offset on value of type null'
[2023-11-24 1:36:26]	[ALERT]	404 - erreur dans le processus de traitement du routage
    routeInfo: array(
        0 => 1,
        1 => 'contribution@contribution',
        2 => array(),
    )
    exception-line: 76
    exception-file: 'C:\Users\sophie\Documents\$$$S5\loufok-2.0\src\Controller\ContributionController.php'
    exception-code: 'Trying to access array offset on value of type null'
[2023-11-24 1:36:35]	[ALERT]	404 - erreur dans le processus de traitement du routage
    routeInfo: array(
        0 => 1,
        1 => 'contribution@contribution',
        2 => array(),
    )
    exception-line: 76
    exception-file: 'C:\Users\sophie\Documents\$$$S5\loufok-2.0\src\Controller\ContributionController.php'
    exception-code: 'Trying to access array offset on value of type null'
[2023-11-24 1:36:54]	[ALERT]	404 - erreur dans le processus de traitement du routage
    routeInfo: array(
        0 => 1,
        1 => 'contribution@contribution',
        2 => array(),
    )
    exception-line: 76
    exception-file: 'C:\Users\sophie\Documents\$$$S5\loufok-2.0\src\Controller\ContributionController.php'
    exception-code: 'Trying to access array offset on value of type null'
[2023-11-24 1:36:59]	[ALERT]	404 - erreur dans le processus de traitement du routage
    routeInfo: array(
        0 => 1,
        1 => 'contribution@contribution',
        2 => array(),
    )
    exception-line: 76
    exception-file: 'C:\Users\sophie\Documents\$$$S5\loufok-2.0\src\Controller\ContributionController.php'
    exception-code: 'Trying to access array offset on value of type null'
[2023-11-24 1:37:25]	[ALERT]	404 - erreur dans le processus de traitement du routage
    routeInfo: array(
        0 => 1,
        1 => 'contribution@contribution',
        2 => array(),
    )
    exception-line: 76
    exception-file: 'C:\Users\sophie\Documents\$$$S5\loufok-2.0\src\Controller\ContributionController.php'
    exception-code: 'Trying to access array offset on value of type null'
[2023-11-24 1:37:37]	[ALERT]	404 - erreur dans le processus de traitement du routage
    routeInfo: array(
        0 => 1,
        1 => 'contribution@contribution',
        2 => array(),
    )
    exception-line: 76
    exception-file: 'C:\Users\sophie\Documents\$$$S5\loufok-2.0\src\Controller\ContributionController.php'
    exception-code: 'Trying to access array offset on value of type null'
[2023-11-24 1:37:42]	[ALERT]	404 - erreur dans le processus de traitement du routage
    routeInfo: array(
        0 => 1,
        1 => 'contribution@contribution',
        2 => array(),
    )
    exception-line: 76
    exception-file: 'C:\Users\sophie\Documents\$$$S5\loufok-2.0\src\Controller\ContributionController.php'
    exception-code: 'Trying to access array offset on value of type null'
[2023-11-24 1:37:47]	[ALERT]	404 - erreur dans le processus de traitement du routage
    routeInfo: array(
        0 => 1,
        1 => 'contribution@contribution',
        2 => array(),
    )
    exception-line: 41
    exception-file: 'C:\Users\sophie\Documents\$$$S5\loufok-2.0\src\Model\ContributionModel.php'
    exception-code: 'Undefined array key 0'
[2023-11-24 1:37:59]	[ALERT]	404 - erreur dans le processus de traitement du routage
    routeInfo: array(
        0 => 1,
        1 => 'contribution@contribution',
        2 => array(),
    )
    exception-line: 76
    exception-file: 'C:\Users\sophie\Documents\$$$S5\loufok-2.0\src\Controller\ContributionController.php'
    exception-code: 'Trying to access array offset on value of type null'
[2023-11-24 1:38:21]	[ALERT]	404 - erreur dans le processus de traitement du routage
    routeInfo: array(
        0 => 1,
        1 => 'contribution@contribution',
        2 => array(),
    )
    exception-line: 40
    exception-file: 'C:\Users\sophie\Documents\$$$S5\loufok-2.0\src\Model\ContributionModel.php'
    exception-code: 'Undefined array key 0'
[2023-11-24 1:38:24]	[ALERT]	404 - erreur dans le processus de traitement du routage
    routeInfo: array(
        0 => 1,
        1 => 'contribution@contribution',
        2 => array(),
    )
    exception-line: 76
    exception-file: 'C:\Users\sophie\Documents\$$$S5\loufok-2.0\src\Controller\ContributionController.php'
    exception-code: 'Trying to access array offset on value of type null'
[2023-11-24 1:38:56]	[ALERT]	404 - erreur dans le processus de traitement du routage
    routeInfo: array(
        0 => 1,
        1 => 'contribution@contribution',
        2 => array(),
    )
    exception-line: 76
    exception-file: 'C:\Users\sophie\Documents\$$$S5\loufok-2.0\src\Controller\ContributionController.php'
    exception-code: 'Trying to access array offset on value of type null'
[2023-11-24 1:39:13]	[ALERT]	404 - erreur dans le processus de traitement du routage
    routeInfo: array(
        0 => 1,
        1 => 'contribution@contribution',
        2 => array(),
    )
    exception-line: 76
    exception-file: 'C:\Users\sophie\Documents\$$$S5\loufok-2.0\src\Controller\ContributionController.php'
    exception-code: 'Trying to access array offset on value of type null'
[2023-11-24 1:40:03]	[ALERT]	404 - erreur dans le processus de traitement du routage
    routeInfo: array(
        0 => 1,
        1 => 'contribution@contribution',
        2 => array(),
    )
    exception-line: 76
    exception-file: 'C:\Users\sophie\Documents\$$$S5\loufok-2.0\src\Controller\ContributionController.php'
    exception-code: 'Trying to access array offset on value of type null'
[2023-11-24 1:40:14]	[ALERT]	404 - erreur dans le processus de traitement du routage
    routeInfo: array(
        0 => 1,
        1 => 'contribution@contribution',
        2 => array(),
    )
    exception-line: 36
    exception-file: 'C:\Users\sophie\Documents\$$$S5\loufok-2.0\src\Model\ContributionModel.php'
    exception-code: 'Undefined array key 0'
[2023-11-24 1:40:27]	[ALERT]	404 - erreur dans le processus de traitement du routage
    routeInfo: array(
        0 => 1,
        1 => 'contribution@contribution',
        2 => array(),
    )
    exception-line: 76
    exception-file: 'C:\Users\sophie\Documents\$$$S5\loufok-2.0\src\Controller\ContributionController.php'
    exception-code: 'Trying to access array offset on value of type null'
[2023-11-24 1:41:19]	[ALERT]	404 - erreur dans le processus de traitement du routage
    routeInfo: array(
        0 => 1,
        1 => 'contribution@contribution',
        2 => array(),
    )
    exception-line: 36
    exception-file: 'C:\Users\sophie\Documents\$$$S5\loufok-2.0\src\Model\ContributionModel.php'
    exception-code: 'Undefined array key 0'
[2023-11-24 1:41:27]	[ALERT]	404 - erreur dans le processus de traitement du routage
    routeInfo: array(
        0 => 1,
        1 => 'contribution@contribution',
        2 => array(),
    )
    exception-line: 76
    exception-file: 'C:\Users\sophie\Documents\$$$S5\loufok-2.0\src\Controller\ContributionController.php'
    exception-code: 'Trying to access array offset on value of type null'
[2023-11-24 1:42:36]	[ALERT]	404 - erreur dans le processus de traitement du routage
    routeInfo: array(
        0 => 1,
        1 => 'contribution@contribution',
        2 => array(),
    )
    exception-line: 76
    exception-file: 'C:\Users\sophie\Documents\$$$S5\loufok-2.0\src\Controller\ContributionController.php'
    exception-code: 'Trying to access array offset on value of type null'
[2023-11-24 1:42:53]	[ALERT]	404 - erreur dans le processus de traitement du routage
    routeInfo: array(
        0 => 1,
        1 => 'contribution@contribution',
        2 => array(),
    )
    exception-line: 76
    exception-file: 'C:\Users\sophie\Documents\$$$S5\loufok-2.0\src\Controller\ContributionController.php'
    exception-code: 'Trying to access array offset on value of type null'
[2023-11-24 1:43:03]	[ALERT]	404 - erreur dans le processus de traitement du routage
    routeInfo: array(
        0 => 1,
        1 => 'contribution@contribution',
        2 => array(),
    )
    exception-line: 76
    exception-file: 'C:\Users\sophie\Documents\$$$S5\loufok-2.0\src\Controller\ContributionController.php'
    exception-code: 'Trying to access array offset on value of type null'
[2023-11-24 1:43:09]	[ALERT]	404 - erreur dans le processus de traitement du routage
    routeInfo: array(
        0 => 1,
        1 => 'contribution@contribution',
        2 => array(),
    )
    exception-line: 76
    exception-file: 'C:\Users\sophie\Documents\$$$S5\loufok-2.0\src\Controller\ContributionController.php'
    exception-code: 'Trying to access array offset on value of type null'
[2023-11-24 1:43:21]	[ALERT]	404 - erreur dans le processus de traitement du routage
    routeInfo: array(
        0 => 1,
        1 => 'contribution@contribution',
        2 => array(),
    )
    exception-line: 76
    exception-file: 'C:\Users\sophie\Documents\$$$S5\loufok-2.0\src\Controller\ContributionController.php'
    exception-code: 'Trying to access array offset on value of type null'
[2023-11-24 1:44:39]	[ALERT]	404 - erreur dans le processus de traitement du routage
    routeInfo: array(
        0 => 1,
        1 => 'contribution@contribution',
        2 => array(),
    )
    exception-line: 76
    exception-file: 'C:\Users\sophie\Documents\$$$S5\loufok-2.0\src\Controller\ContributionController.php'
    exception-code: 'Trying to access array offset on value of type null'
[2023-11-24 1:44:52]	[ALERT]	404 - erreur dans le processus de traitement du routage
    routeInfo: array(
        0 => 1,
        1 => 'contribution@contribution',
        2 => array(),
    )
    exception-line: 74
    exception-file: 'C:\Users\sophie\Documents\$$$S5\loufok-2.0\src\Controller\ContributionController.php'
    exception-code: 'Undefined array key "texte_contribution"'
[2023-11-24 1:44:58]	[ALERT]	404 - erreur dans le processus de traitement du routage
    routeInfo: array(
        0 => 1,
        1 => 'contribution@contribution',
        2 => array(),
    )
    exception-line: 74
    exception-file: 'C:\Users\sophie\Documents\$$$S5\loufok-2.0\src\Controller\ContributionController.php'
    exception-code: 'Undefined array key "texte_contribution"'
[2023-11-24 1:46:12]	[ALERT]	404 - erreur dans le processus de traitement du routage
    routeInfo: array(
        0 => 1,
        1 => 'contribution@contribution',
        2 => array(),
    )
    exception-line: 74
    exception-file: 'C:\Users\sophie\Documents\$$$S5\loufok-2.0\src\Controller\ContributionController.php'
    exception-code: 'Undefined array key "texte_contribution"'
[2023-11-24 1:48:59]	[ALERT]	404 - erreur dans le processus de traitement du routage
    routeInfo: array(
        0 => 1,
        1 => 'contribution@contribution',
        2 => array(),
    )
    exception-line: 74
    exception-file: 'C:\Users\sophie\Documents\$$$S5\loufok-2.0\src\Controller\ContributionController.php'
    exception-code: 'Undefined array key "texte_contribution"'
[2023-11-24 1:49:23]	[ALERT]	404 - erreur dans le processus de traitement du routage
    routeInfo: array(
        0 => 1,
        1 => 'contribution@contribution',
        2 => array(),
    )
    exception-line: 74
    exception-file: 'C:\Users\sophie\Documents\$$$S5\loufok-2.0\src\Controller\ContributionController.php'
    exception-code: 'Undefined array key "texte_contribution"'
[2023-11-24 1:49:26]	[ALERT]	404 - erreur dans le processus de traitement du routage
    routeInfo: array(
        0 => 1,
        1 => 'contribution@contribution',
        2 => array(),
    )
    exception-line: 74
    exception-file: 'C:\Users\sophie\Documents\$$$S5\loufok-2.0\src\Controller\ContributionController.php'
    exception-code: 'Undefined array key "texte_contribution"'
[2023-11-24 1:49:31]	[ALERT]	404 - erreur dans le processus de traitement du routage
    routeInfo: array(
        0 => 1,
        1 => 'contribution@contribution',
        2 => array(),
    )
    exception-line: 74
    exception-file: 'C:\Users\sophie\Documents\$$$S5\loufok-2.0\src\Controller\ContributionController.php'
    exception-code: 'Undefined array key "texte_contribution"'
[2023-11-24 1:49:38]	[ALERT]	404 - erreur dans le processus de traitement du routage
    routeInfo: array(
        0 => 1,
        1 => 'contribution@contribution',
        2 => array(),
    )
    exception-line: 74
    exception-file: 'C:\Users\sophie\Documents\$$$S5\loufok-2.0\src\Controller\ContributionController.php'
    exception-code: 'Undefined array key "texte_contribution"'
[2023-11-24 1:49:50]	[ALERT]	404 - erreur dans le processus de traitement du routage
    routeInfo: array(
        0 => 1,
        1 => 'contribution@contribution',
        2 => array(),
    )
    exception-line: 74
    exception-file: 'C:\Users\sophie\Documents\$$$S5\loufok-2.0\src\Controller\ContributionController.php'
    exception-code: 'Undefined array key "texte_contribution"'
[2023-11-24 1:50:22]	[ALERT]	404 - erreur dans le processus de traitement du routage
    routeInfo: array(
        0 => 1,
        1 => 'contribution@contribution',
        2 => array(),
    )
    exception-line: 74
    exception-file: 'C:\Users\sophie\Documents\$$$S5\loufok-2.0\src\Controller\ContributionController.php'
    exception-code: 'Undefined array key "texte_contribution"'
[2023-11-24 1:50:34]	[ALERT]	404 - erreur dans le processus de traitement du routage
    routeInfo: array(
        0 => 1,
        1 => 'contribution@contribution',
        2 => array(),
    )
    exception-line: 43
    exception-file: 'C:\Users\sophie\Documents\$$$S5\loufok-2.0\src\Model\ContributionModel.php'
    exception-code: 'Undefined array key "num_contribution"'
[2023-11-24 1:51:15]	[ALERT]	404 - erreur dans le processus de traitement du routage
    routeInfo: array(
        0 => 1,
        1 => 'contribution@contribution',
        2 => array(),
    )
    exception-line: 74
    exception-file: 'C:\Users\sophie\Documents\$$$S5\loufok-2.0\src\Controller\ContributionController.php'
    exception-code: 'Undefined array key "texte_contribution"'
[2023-11-24 1:51:30]	[ALERT]	404 - erreur dans le processus de traitement du routage
    routeInfo: array(
        0 => 1,
        1 => 'contribution@contribution',
        2 => array(),
    )
    exception-line: 74
    exception-file: 'C:\Users\sophie\Documents\$$$S5\loufok-2.0\src\Controller\ContributionController.php'
    exception-code: 'Undefined array key "texte_contribution"'
[2023-11-24 1:54:39]	[ALERT]	404 - erreur dans le processus de traitement du routage
    routeInfo: array(
        0 => 1,
        1 => 'contribution@contribution',
        2 => array(),
    )
    exception-line: 213
    exception-file: 'C:\Users\sophie\Documents\$$$S5\loufok-2.0\src\Entity\Base.php'
    exception-code: 'SQLSTATE[23000]: Integrity constraint violation: 4025 CONSTRAINT `date_check` failed for `loufok2.0`.`cadavre`'
[2023-11-24 1:59:25]	[ALERT]	404 - erreur dans le processus de traitement du routage
    routeInfo: array(
        0 => 1,
        1 => 'joueur@joueur',
        2 => array(),
    )
    exception-line: 45
    exception-file: 'C:\Users\sophie\Documents\$$$S5\loufok-2.0\src\Model\ContributionModel.php'
    exception-code: 'Trying to access array offset on value of type null'
[2023-11-24 2:00:54]	[ALERT]	404 - erreur dans le processus de traitement du routage
    routeInfo: array(
        0 => 1,
        1 => 'contribution@contribution',
        2 => array(),
    )
    exception-line: 213
    exception-file: 'C:\Users\sophie\Documents\$$$S5\loufok-2.0\src\Entity\Base.php'
    exception-code: 'SQLSTATE[23000]: Integrity constraint violation: 4025 CONSTRAINT `date_check` failed for `loufok2.0`.`cadavre`'
[2023-11-24 2:05:13]	[ALERT]	404 - erreur dans le processus de traitement du routage
    routeInfo: array(
        0 => 1,
        1 => 'contribution@contribution',
        2 => array(),
    )
    exception-line: 213
    exception-file: 'C:\Users\sophie\Documents\$$$S5\loufok-2.0\src\Entity\Base.php'
    exception-code: 'SQLSTATE[23000]: Integrity constraint violation: 4025 CONSTRAINT `date_check` failed for `loufok2.0`.`cadavre`'
[2023-11-24 2:08:16]	[ALERT]	404 - erreur dans le processus de traitement du routage
    routeInfo: array(
        0 => 1,
        1 => 'contribution@contribution',
        2 => array(),
    )
    exception-line: 213
    exception-file: 'C:\Users\sophie\Documents\$$$S5\loufok-2.0\src\Entity\Base.php'
    exception-code: 'SQLSTATE[23000]: Integrity constraint violation: 4025 CONSTRAINT `date_check` failed for `loufok2.0`.`cadavre`'
[2023-11-24 2:09:22]	[ALERT]	404 - erreur dans le processus de traitement du routage
    routeInfo: array(
        0 => 1,
        1 => 'contribution@contribution',
        2 => array(),
    )
    exception-line: 92
    exception-file: 'C:\Users\sophie\Documents\$$$S5\loufok-2.0\src\Model\ContributionModel.php'
    exception-code: 'Undefined variable $now'
[2023-11-24 2:12:58]	[ALERT]	404 - erreur dans le processus de traitement du routage
    routeInfo: array(
        0 => 1,
        1 => 'contribution@contribution',
        2 => array(),
    )
    exception-line: 91
    exception-file: 'C:\Users\sophie\Documents\$$$S5\loufok-2.0\src\Model\ContributionModel.php'
    exception-code: 'Undefined variable $cadavre'
[2023-11-24 2:13:55]	[ALERT]	404 - erreur dans le processus de traitement du routage
    routeInfo: array(
        0 => 1,
        1 => 'contribution@contribution',
        2 => array(),
    )
    exception-line: 75
    exception-file: 'C:\Users\sophie\Documents\$$$S5\loufok-2.0\src\Model\ContributionModel.php'
    exception-code: 'Trying to access array offset on value of type int'
[2023-11-24 2:14:32]	[ALERT]	404 - erreur dans le processus de traitement du routage
    routeInfo: array(
        0 => 1,
        1 => 'contribution@contribution',
        2 => array(),
    )
    exception-line: 213
    exception-file: 'C:\Users\sophie\Documents\$$$S5\loufok-2.0\src\Entity\Base.php'
    exception-code: 'SQLSTATE[23000]: Integrity constraint violation: 4025 CONSTRAINT `date_check` failed for `loufok2.0`.`cadavre`'
[2023-11-24 2:18:39]	[ALERT]	404 - erreur dans le processus de traitement du routage
    routeInfo: array(
        0 => 1,
        1 => 'contribution@contribution',
        2 => array(),
    )
    exception-line: 213
    exception-file: 'C:\Users\sophie\Documents\$$$S5\loufok-2.0\src\Entity\Base.php'
    exception-code: 'SQLSTATE[23000]: Integrity constraint violation: 4025 CONSTRAINT `date_check` failed for `loufok2.0`.`cadavre`'
[2023-11-24 8:29:52]	[ALERT]	404 - erreur dans le processus de traitement du routage
    routeInfo: array(
        0 => 1,
        1 => 'contribution@contribution',
        2 => array(),
    )
    exception-line: 213
    exception-file: 'C:\Users\sophie\Documents\$$$S5\loufok-2.0\src\Entity\Base.php'
    exception-code: 'SQLSTATE[23000]: Integrity constraint violation: 4025 CONSTRAINT `date_check` failed for `loufok2.0`.`cadavre`'
[2023-11-24 8:33:40]	[ALERT]	404 - erreur dans le processus de traitement du routage
    routeInfo: array(
        0 => 1,
        1 => 'contribution@contribution',
        2 => array(),
    )
    exception-line: 213
    exception-file: 'C:\Users\sophie\Documents\$$$S5\loufok-2.0\src\Entity\Base.php'
    exception-code: 'SQLSTATE[23000]: Integrity constraint violation: 4025 CONSTRAINT `date_check` failed for `loufok2.0`.`cadavre`'
[2023-11-24 8:35:03]	[ALERT]	404 - erreur dans le processus de traitement du routage
    routeInfo: array(
        0 => 1,
        1 => 'contribution@contribution',
        2 => array(),
    )
    exception-line: 213
    exception-file: 'C:\Users\sophie\Documents\$$$S5\loufok-2.0\src\Entity\Base.php'
    exception-code: 'SQLSTATE[23000]: Integrity constraint violation: 4025 CONSTRAINT `date_check` failed for `loufok2.0`.`cadavre`'
[2023-11-24 8:42:39]	[ALERT]	404 - erreur dans le processus de traitement du routage
    routeInfo: array(
        0 => 1,
        1 => 'joueur@joueur',
        2 => array(),
    )
    exception-line: 25
    exception-file: 'C:\Users\sophie\Documents\$$$S5\loufok-2.0\src\Model\JoueurModel.php'
    exception-code: 'Undefined array key 0'
[2023-11-24 8:43:03]	[ALERT]	404 - erreur dans le processus de traitement du routage
    routeInfo: array(
        0 => 1,
        1 => 'joueur@joueur',
        2 => array(),
    )
    exception-line: 25
    exception-file: 'C:\Users\sophie\Documents\$$$S5\loufok-2.0\src\Model\JoueurModel.php'
    exception-code: 'Undefined array key 0'
[2023-11-24 8:55:22]	[ALERT]	404 - erreur dans le processus de traitement du routage
    routeInfo: array(
        0 => 1,
        1 => 'contribution@contribution',
        2 => array(),
    )
    exception-line: 117
    exception-file: 'C:\Users\sophie\Documents\$$$S5\loufok-2.0\src\Controller\ContributionController.php'
    exception-code: 'Undefined variable $data'
[2023-11-24 8:56:32]	[ALERT]	404 - erreur dans le processus de traitement du routage
    routeInfo: array(
        0 => 1,
        1 => 'contribution@contribution',
        2 => array(),
    )
    exception-line: 114
    exception-file: 'C:\Users\sophie\Documents\$$$S5\loufok-2.0\src\Controller\ContributionController.php'
    exception-code: 'Undefined variable $contributions'
[2023-11-24 8:57:12]	[ALERT]	404 - erreur dans le processus de traitement du routage
    routeInfo: array(
        0 => 1,
        1 => 'contribution@contribution',
        2 => array(),
    )
    exception-line: 115
    exception-file: 'C:\Users\sophie\Documents\$$$S5\loufok-2.0\src\Controller\ContributionController.php'
    exception-code: 'Undefined variable $contributions'
[2023-11-24 9:05:21]	[ALERT]	404 - erreur dans le processus de traitement du routage
    routeInfo: array(
        0 => 1,
        1 => 'joueur@last',
        2 => array(),
    )
    exception-line: 104
    exception-file: 'C:\Users\sophie\Documents\$$$S5\loufok-2.0\src\Model\CadavreModel.php'
    exception-code: 'Undefined variable $max_contributions'
[2023-11-24 9:08:24]	[ALERT]	404 - erreur dans le processus de traitement du routage
    routeInfo: array(
        0 => 1,
        1 => 'joueur@last',
        2 => array(),
    )
    exception-line: 99
    exception-file: 'C:\Users\sophie\Documents\$$$S5\loufok-2.0\src\Controller\JoueurController.php'
    exception-code: 'Trying to access array offset on value of type null'
[2023-11-24 9:08:24]	[ALERT]	404 - erreur dans le processus de traitement du routage
    routeInfo: array(
        0 => 1,
        1 => 'joueur@joueur',
        2 => array(),
    )
    exception-line: 70
    exception-file: 'C:\Users\sophie\Documents\$$$S5\loufok-2.0\src\Model\CadavreModel.php'
    exception-code: 'Trying to access array offset on value of type int'
[2023-11-24 9:31:20]	[ALERT]	404 - erreur dans le processus de traitement du routage
    routeInfo: array(
        0 => 1,
        1 => 'admin@affichageCadavre',
        2 => array(),
    )
    exception-line: 169
    exception-file: 'C:\Users\sophie\Documents\$$$S5\loufok-2.0\src\Controller\AdminController.php'
    exception-code: 'Undefined array key "user_id"'
[2023-11-24 9:31:30]	[ALERT]	404 - erreur dans le processus de traitement du routage
    routeInfo: array(
        0 => 1,
        1 => 'admin@admin',
        2 => array(),
    )
    exception-line: 23
    exception-file: 'C:\Users\sophie\Documents\$$$S5\loufok-2.0\src\Controller\AdminController.php'
    exception-code: 'Undefined array key "role"'
[2023-11-24 9:36:53]	[ALERT]	404 - erreur dans le processus de traitement du routage
    routeInfo: array(
        0 => 1,
        1 => 'contribution@contribution',
        2 => array(),
    )
    exception-line: 116
    exception-file: 'C:\Users\sophie\Documents\$$$S5\loufok-2.0\src\Controller\ContributionController.php'
    exception-code: 'Undefined variable $contributions'
[2023-11-24 9:55:00]	[ALERT]	404 - erreur dans le processus de traitement du routage
    routeInfo: array(
        0 => 1,
        1 => 'contribution@contribution',
        2 => array(),
    )
    exception-line: 67
    exception-file: 'C:\Users\sophie\Documents\$$$S5\loufok-2.0\src\Controller\ContributionController.php'
    exception-code: 'Undefined variable $data'
[2023-11-24 9:57:45]	[ALERT]	404 - erreur dans le processus de traitement du routage
    routeInfo: array(
        0 => 1,
        1 => 'contribution@contribution',
        2 => array(),
    )
    exception-line: 67
    exception-file: 'C:\Users\sophie\Documents\$$$S5\loufok-2.0\src\Controller\ContributionController.php'
    exception-code: 'Undefined variable $data'
[2023-11-24 10:08:13]	[ALERT]	404 - erreur dans le processus de traitement du routage
    routeInfo: array(
        0 => 1,
        1 => 'joueur@joueur',
        2 => array(),
    )
    exception-line: 44
    exception-file: 'C:\Users\sophie\Documents\$$$S5\loufok-2.0\src\Model\ContributionModel.php'
    exception-code: 'Undefined array key 0'
[2023-11-24 10:09:04]	[ALERT]	404 - erreur dans le processus de traitement du routage
    routeInfo: array(
        0 => 1,
        1 => 'joueur@joueur',
        2 => array(),
    )
    exception-line: 44
    exception-file: 'C:\Users\sophie\Documents\$$$S5\loufok-2.0\src\Model\ContributionModel.php'
    exception-code: 'Undefined array key 0'
[2023-11-24 10:18:32]	[ALERT]	404 - erreur dans le processus de traitement du routage
    routeInfo: array(
        0 => 1,
        1 => 'contribution@contribution',
        2 => array(),
    )
    exception-line: 44
    exception-file: 'C:\Users\sophie\Documents\$$$S5\loufok-2.0\src\Model\ContributionModel.php'
    exception-code: 'Undefined array key 0'
[2023-11-24 10:20:00]	[ALERT]	404 - erreur dans le processus de traitement du routage
    routeInfo: array(
        0 => 1,
        1 => 'contribution@contribution',
        2 => array(),
    )
    exception-line: 45
    exception-file: 'C:\Users\sophie\Documents\$$$S5\loufok-2.0\src\Model\ContributionModel.php'
    exception-code: 'Undefined array key 0'
[2023-11-24 10:24:35]	[ALERT]	404 - erreur dans le processus de traitement du routage
    routeInfo: array(
        0 => 1,
        1 => 'joueur@joueur',
        2 => array(),
    )
    exception-line: 44
    exception-file: 'C:\Users\sophie\Documents\$$$S5\loufok-2.0\src\Model\ContributionModel.php'
    exception-code: 'Undefined array key 0'
[2023-11-24 10:24:45]	[ALERT]	404 - erreur dans le processus de traitement du routage
    routeInfo: array(
        0 => 1,
        1 => 'joueur@joueur',
        2 => array(),
    )
    exception-line: 44
    exception-file: 'C:\Users\sophie\Documents\$$$S5\loufok-2.0\src\Model\ContributionModel.php'
    exception-code: 'Undefined array key 0'
[2023-11-24 10:24:51]	[ALERT]	404 - erreur dans le processus de traitement du routage
    routeInfo: array(
        0 => 1,
        1 => 'joueur@joueur',
        2 => array(),
    )
    exception-line: 44
    exception-file: 'C:\Users\sophie\Documents\$$$S5\loufok-2.0\src\Model\ContributionModel.php'
    exception-code: 'Undefined array key 0'
[2023-11-24 10:26:36]	[ALERT]	404 - erreur dans le processus de traitement du routage
    routeInfo: array(
        0 => 1,
        1 => 'joueur@joueur',
        2 => array(),
    )
    exception-line: 44
    exception-file: 'C:\Users\sophie\Documents\$$$S5\loufok-2.0\src\Model\ContributionModel.php'
    exception-code: 'Undefined array key 0'
[2023-11-24 10:26:57]	[ALERT]	404 - erreur dans le processus de traitement du routage
    routeInfo: array(
        0 => 1,
        1 => 'joueur@joueur',
        2 => array(),
    )
    exception-line: 45
    exception-file: 'C:\Users\sophie\Documents\$$$S5\loufok-2.0\src\Model\ContributionModel.php'
    exception-code: 'Undefined array key 0'
[2023-11-24 10:27:35]	[ALERT]	404 - erreur dans le processus de traitement du routage
    routeInfo: array(
        0 => 1,
        1 => 'joueur@joueur',
        2 => array(),
    )
    exception-line: 45
    exception-file: 'C:\Users\sophie\Documents\$$$S5\loufok-2.0\src\Model\ContributionModel.php'
    exception-code: 'Undefined array key 0'
[2023-11-24 10:27:57]	[ALERT]	404 - erreur dans le processus de traitement du routage
    routeInfo: array(
        0 => 1,
        1 => 'joueur@joueur',
        2 => array(),
    )
    exception-line: 43
    exception-file: 'C:\Users\sophie\Documents\$$$S5\loufok-2.0\src\Model\ContributionModel.php'
    exception-code: 'Undefined array key "nb_contribution"'
[2023-11-24 10:28:09]	[ALERT]	404 - erreur dans le processus de traitement du routage
    routeInfo: array(
        0 => 1,
        1 => 'joueur@joueur',
        2 => array(),
    )
    exception-line: 43
    exception-file: 'C:\Users\sophie\Documents\$$$S5\loufok-2.0\src\Model\ContributionModel.php'
    exception-code: 'Undefined array key "nb_contributions"'
[2023-11-24 10:28:33]	[ALERT]	404 - erreur dans le processus de traitement du routage
    routeInfo: array(
        0 => 1,
        1 => 'joueur@joueur',
        2 => array(),
    )
    exception-line: 45
    exception-file: 'C:\Users\sophie\Documents\$$$S5\loufok-2.0\src\Model\ContributionModel.php'
    exception-code: 'Undefined array key 0'
[2023-11-24 10:28:54]	[ALERT]	404 - erreur dans le processus de traitement du routage
    routeInfo: array(
        0 => 1,
        1 => 'joueur@joueur',
        2 => array(),
    )
    exception-line: 46
    exception-file: 'C:\Users\sophie\Documents\$$$S5\loufok-2.0\src\Model\ContributionModel.php'
    exception-code: 'Undefined array key 0'
[2023-11-24 10:29:47]	[ALERT]	404 - erreur dans le processus de traitement du routage
    routeInfo: array(
        0 => 1,
        1 => 'contribution@contribution',
        2 => array(),
    )
    exception-line: 75
    exception-file: 'C:\Users\sophie\Documents\$$$S5\loufok-2.0\src\Controller\ContributionController.php'
    exception-code: 'Undefined array key "texte_contribution"'
[2023-11-24 10:30:40]	[ALERT]	404 - erreur dans le processus de traitement du routage
    routeInfo: array(
        0 => 1,
        1 => 'contribution@contribution',
        2 => array(),
    )
    exception-line: 76
    exception-file: 'C:\Users\sophie\Documents\$$$S5\loufok-2.0\src\Controller\ContributionController.php'
    exception-code: 'Undefined array key "texte_contribution"'
[2023-11-24 10:31:15]	[ALERT]	404 - erreur dans le processus de traitement du routage
    routeInfo: array(
        0 => 1,
        1 => 'contribution@contribution',
        2 => array(),
    )
    exception-line: 76
    exception-file: 'C:\Users\sophie\Documents\$$$S5\loufok-2.0\src\Controller\ContributionController.php'
    exception-code: 'Undefined array key "texte_contribution"'
[2023-11-24 10:31:41]	[ALERT]	404 - erreur dans le processus de traitement du routage
    routeInfo: array(
        0 => 1,
        1 => 'contribution@contribution',
        2 => array(),
    )
    exception-line: 76
    exception-file: 'C:\Users\sophie\Documents\$$$S5\loufok-2.0\src\Controller\ContributionController.php'
    exception-code: 'Undefined array key "texte_contribution"'
[2023-11-24 10:36:22]	[ALERT]	404 - erreur dans le processus de traitement du routage
    routeInfo: array(
        0 => 1,
        1 => 'contribution@contribution',
        2 => array(),
    )
    exception-line: 76
    exception-file: 'C:\Users\sophie\Documents\$$$S5\loufok-2.0\src\Controller\ContributionController.php'
    exception-code: 'Undefined array key "texte_contribution"'
[2023-11-24 10:36:54]	[ALERT]	404 - erreur dans le processus de traitement du routage
    routeInfo: array(
        0 => 1,
        1 => 'contribution@contribution',
        2 => array(),
    )
    exception-line: 66
    exception-file: 'C:\Users\sophie\Documents\$$$S5\loufok-2.0\src\Model\ContributionModel.php'
    exception-code: 'Undefined variable $contribAlea'
[2023-11-24 10:37:18]	[ALERT]	404 - erreur dans le processus de traitement du routage
    routeInfo: array(
        0 => 1,
        1 => 'contribution@contribution',
        2 => array(),
    )
    exception-line: 76
    exception-file: 'C:\Users\sophie\Documents\$$$S5\loufok-2.0\src\Controller\ContributionController.php'
    exception-code: 'Undefined array key "texte_contribution"'
[2023-11-24 10:37:37]	[ALERT]	404 - erreur dans le processus de traitement du routage
    routeInfo: array(
        0 => 1,
        1 => 'contribution@contribution',
        2 => array(),
    )
    exception-line: 76
    exception-file: 'C:\Users\sophie\Documents\$$$S5\loufok-2.0\src\Controller\ContributionController.php'
    exception-code: 'Undefined array key "texte_contribution"'
[2023-11-24 10:41:05]	[ALERT]	404 - erreur dans le processus de traitement du routage
    routeInfo: array(
        0 => 1,
        1 => 'contribution@contribution',
        2 => array(),
    )
    exception-line: 45
    exception-file: 'C:\Users\sophie\Documents\$$$S5\loufok-2.0\src\Model\ContributionModel.php'
    exception-code: 'Undefined array key 0'
[2023-11-24 10:44:18]	[ALERT]	404 - erreur dans le processus de traitement du routage
    routeInfo: array(
        0 => 1,
        1 => 'contribution@contribution',
        2 => array(),
    )
    exception-line: 49
    exception-file: 'C:\Users\sophie\Documents\$$$S5\loufok-2.0\src\Model\ContributionModel.php'
    exception-code: 'Undefined variable $contribAlea'
[2023-11-24 10:45:17]	[ALERT]	404 - erreur dans le processus de traitement du routage
    routeInfo: array(
        0 => 1,
        1 => 'contribution@contribution',
        2 => array(),
    )
    exception-line: 48
    exception-file: 'C:\Users\sophie\Documents\$$$S5\loufok-2.0\src\Model\ContributionModel.php'
    exception-code: 'Undefined array key "num_contribution"'
[2023-11-24 10:47:50]	[ALERT]	404 - erreur dans le processus de traitement du routage
    routeInfo: array(
        0 => 1,
        1 => 'contribution@contribution',
        2 => array(),
    )
    exception-line: 48
    exception-file: 'C:\Users\sophie\Documents\$$$S5\loufok-2.0\src\Model\ContributionModel.php'
    exception-code: 'Undefined array key "num_contribution"'
[2023-11-24 10:48:00]	[ALERT]	404 - erreur dans le processus de traitement du routage
    routeInfo: array(
        0 => 1,
        1 => 'contribution@contribution',
        2 => array(),
    )
    exception-line: 48
    exception-file: 'C:\Users\sophie\Documents\$$$S5\loufok-2.0\src\Model\ContributionModel.php'
    exception-code: 'Undefined array key "num_contribution"'
[2023-11-24 10:48:19]	[ALERT]	404 - erreur dans le processus de traitement du routage
    routeInfo: array(
        0 => 1,
        1 => 'contribution@contribution',
        2 => array(),
    )
    exception-line: 48
    exception-file: 'C:\Users\sophie\Documents\$$$S5\loufok-2.0\src\Model\ContributionModel.php'
    exception-code: 'Undefined array key "num_contribution"'
[2023-11-24 10:48:34]	[ALERT]	404 - erreur dans le processus de traitement du routage
    routeInfo: array(
        0 => 1,
        1 => 'contribution@contribution',
        2 => array(),
    )
    exception-line: 48
    exception-file: 'C:\Users\sophie\Documents\$$$S5\loufok-2.0\src\Model\ContributionModel.php'
    exception-code: 'Undefined array key "num_contribution"'
[2023-11-24 10:48:54]	[ALERT]	404 - erreur dans le processus de traitement du routage
    routeInfo: array(
        0 => 1,
        1 => 'contribution@contribution',
        2 => array(),
    )
    exception-line: 48
    exception-file: 'C:\Users\sophie\Documents\$$$S5\loufok-2.0\src\Model\ContributionModel.php'
    exception-code: 'Undefined array key "num_contribution"'
[2023-11-24 10:49:25]	[ALERT]	404 - erreur dans le processus de traitement du routage
    routeInfo: array(
        0 => 1,
        1 => 'contribution@contribution',
        2 => array(),
    )
    exception-line: 49
    exception-file: 'C:\Users\sophie\Documents\$$$S5\loufok-2.0\src\Model\ContributionModel.php'
    exception-code: 'Undefined array key "num_contribution"'
[2023-11-24 10:59:47]	[ALERT]	404 - erreur dans le processus de traitement du routage
    routeInfo: array(
        0 => 1,
        1 => 'contribution@contribution',
        2 => array(),
    )
    exception-line: 65
    exception-file: 'C:\Users\sophie\Documents\$$$S5\loufok-2.0\src\Controller\ContributionController.php'
    exception-code: 'Undefined variable $activeCadavre'
[2023-11-24 11:02:36]	[ALERT]	404 - erreur dans le processus de traitement du routage
    routeInfo: array(
        0 => 1,
        1 => 'contribution@contribution',
        2 => array(),
    )
    exception-line: 65
    exception-file: 'C:\Users\sophie\Documents\$$$S5\loufok-2.0\src\Controller\ContributionController.php'
    exception-code: 'Undefined variable $activeCadavre'
[2023-11-24 11:16:31]	[ALERT]	404 - erreur dans le processus de traitement du routage
    routeInfo: array(
        0 => 1,
        1 => 'joueur@joueur',
        2 => array(),
    )
    exception-line: 66
    exception-file: 'C:\Users\sophie\Documents\$$$S5\loufok-2.0\src\Model\ContributionModel.php'
    exception-code: 'Undefined array key 0'
[2023-11-24 11:41:01]	[ALERT]	404 - erreur dans le processus de traitement du routage
    routeInfo: array(
        0 => 1,
        1 => 'joueur@joueur',
        2 => array(),
    )
    exception-line: 67
    exception-file: 'C:\Users\sophie\Documents\$$$S5\loufok-2.0\src\Model\ContributionModel.php'
    exception-code: 'Undefined array key 0'
[2023-11-24 11:44:59]	[ALERT]	404 - erreur dans le processus de traitement du routage
    routeInfo: array(
        0 => 1,
        1 => 'joueur@joueur',
        2 => array(),
    )
    exception-line: 67
    exception-file: 'C:\Users\sophie\Documents\$$$S5\loufok-2.0\src\Model\ContributionModel.php'
    exception-code: 'Undefined array key 0'
