[2023-11-18 13:52:16]	[ALERT]	404 - commande non existante :: /
[2023-11-18 14:52:56]	[ALERT]	404 - erreur dans le processus de traitement du routage
    routeInfo: array(
        0 => 1,
        1 => 'login@login',
        2 => array(),
    )
    exception-line: 17
    exception-file: 'C:\Users\sophie\Documents\$$$S5\loufok-2.0\src\View\login.html.twig'
    exception-code: 'Unexpected token "operator" of value "not" ("end of statement block" expected).'
[2023-11-18 14:59:10]	[ALERT]	404 - erreur dans le processus de traitement du routage
    routeInfo: array(
        0 => 1,
        1 => 'login@login',
        2 => array(),
    )
    exception-line: 43
    exception-file: 'C:\Users\sophie\Documents\$$$S5\loufok-2.0\src\Controller\LoginController.php'
    exception-code: 'Undefined variable $errors'
[2023-11-18 15:05:43]	[ALERT]	404 - erreur dans le processus de traitement du routage
    routeInfo: array(
        0 => 1,
        1 => 'login@login',
        2 => array(),
    )
    exception-line: 38
    exception-file: 'C:\Users\sophie\Documents\$$$S5\loufok-2.0\src\Model\LoginModel.php'
    exception-code: 'Undefined array key 1'
[2023-11-18 16:54:49]	[ALERT]	404 - erreur dans le processus de traitement du routage
    routeInfo: array(
        0 => 1,
        1 => 'login@login',
        2 => array(),
    )
    exception-line: 41
    exception-file: 'C:\Users\sophie\Documents\$$$S5\loufok-2.0\src\Model\LoginModel.php'
    exception-code: 'Undefined array key 1'
[2023-11-18 16:58:51]	[ALERT]	404 - commande non existante :: /
[2023-11-18 17:03:09]	[ALERT]	404 - erreur dans le processus de traitement du routage
    routeInfo: array(
        0 => 1,
        1 => 'login@login',
        2 => array(),
    )
    exception-line: 42
    exception-file: 'C:\Users\sophie\Documents\$$$S5\loufok-2.0\src\Controller\LoginController.php'
    exception-code: 'Undefined variable $loginErrors'
[2023-11-18 17:03:43]	[ALERT]	404 - erreur dans le processus de traitement du routage
    routeInfo: array(
        0 => 1,
        1 => 'login@login',
        2 => array(),
    )
    exception-line: 50
    exception-file: 'C:\Users\sophie\Documents\$$$S5\loufok-2.0\src\Model\LoginModel.php'
    exception-code: 'Undefined variable $errors'
[2023-11-18 19:00:58]	[ALERT]	404 - commande non existante :: /loufok/admin/afficahge
[2023-11-18 19:01:04]	[ALERT]	404 - erreur dans le processus de traitement du routage
    routeInfo: array(
        0 => 1,
        1 => 'admin@affichageCadavre',
        2 => array(),
    )
    exception-line: 44
    exception-file: 'C:\Users\sophie\Documents\$$$S5\loufok-2.0\src\Model\CadavreModel.php'
    exception-code: 'Undefined variable $cadavre_en_cours'
[2023-11-18 19:02:45]	[ALERT]	404 - erreur dans le processus de traitement du routage
    routeInfo: array(
        0 => 1,
        1 => 'admin@affichageCadavre',
        2 => array(),
    )
    exception-line: 44
    exception-file: 'C:\Users\sophie\Documents\$$$S5\loufok-2.0\src\Model\CadavreModel.php'
    exception-code: 'Undefined variable $cadavre_en_cours'
[2023-11-18 19:08:04]	[ALERT]	404 - commande non existante :: /loufok/admin/afficahge
[2023-11-18 19:39:24]	[ALERT]	404 - erreur dans le processus de traitement du routage
    routeInfo: array(
        0 => 1,
        1 => 'admin@affichageCadavre',
        2 => array(),
    )
    exception-line: 213
    exception-file: 'C:\Users\sophie\Documents\$$$S5\loufok-2.0\src\Entity\Base.php'
    exception-code: 'SQLSTATE[42S22]: Column not found: 1054 Unknown column 'id' in 'where clause''
[2023-11-18 19:43:44]	[ALERT]	404 - erreur dans le processus de traitement du routage
    routeInfo: array(
        0 => 1,
        1 => 'admin@affichageCadavre',
        2 => array(),
    )
    exception-line: 23
    exception-file: 'C:\Users\sophie\Documents\$$$S5\loufok-2.0\src\Model\CadavreModel.php'
    exception-code: 'Undefined array key "nom_plume"'
[2023-11-18 20:26:59]	[ALERT]	404 - erreur dans le processus de traitement du routage
    routeInfo: array(
        0 => 1,
        1 => 'admin@admin',
        2 => array(),
    )
    exception-line: 28
    exception-file: 'C:\Users\sophie\Documents\$$$S5\loufok-2.0\src\Controller\AdminController.php'
    exception-code: 'Undefined array key "user"'
[2023-11-18 20:27:09]	[ALERT]	404 - erreur dans le processus de traitement du routage
    routeInfo: array(
        0 => 1,
        1 => 'admin@affichageCadavre',
        2 => array(),
    )
    exception-line: 51
    exception-file: 'C:\Users\sophie\Documents\$$$S5\loufok-2.0\src\Model\CadavreModel.php'
    exception-code: 'Undefined array key "role"'
[2023-11-18 20:32:45]	[ALERT]	404 - commande non existante :: /loufok/
[2023-11-18 22:08:05]	[ALERT]	404 - erreur dans le processus de traitement du routage
    routeInfo: array(
        0 => 1,
        1 => 'admin@admin',
        2 => array(),
    )
    exception-line: 3
    exception-file: 'C:\Users\sophie\Documents\$$$S5\loufok-2.0\src\View\admin\admin.html.twig'
    exception-code: 'The block 'csslink' has already been defined line 2.'
