[2023-11-20 13:37:29]	[ALERT]	404 - erreur dans le processus de traitement du routage
    routeInfo: array(
        0 => 1,
        1 => 'joueur@joueur',
        2 => array(),
    )
    exception-line: 38
    exception-file: 'C:\Users\joshu\Documents\dev\github\loufok-2.0\src\Controller\JoueurController.php'
    exception-code: 'Undefined array key "user"'
[2023-11-20 14:24:51]	[ALERT]	404 - erreur dans le processus de traitement du routage
    routeInfo: array(
        0 => 1,
        1 => 'joueur@joueur',
        2 => array(),
    )
    exception-line: 34
    exception-file: 'C:\Users\joshu\Documents\dev\github\loufok-2.0\src\Controller\JoueurController.php'
    exception-code: 'Undefined variable $current_cadavre'
[2023-11-20 14:27:04]	[ALERT]	404 - erreur dans le processus de traitement du routage
    routeInfo: array(
        0 => 1,
        1 => 'joueur@joueur',
        2 => array(),
    )
    exception-line: 34
    exception-file: 'C:\Users\joshu\Documents\dev\github\loufok-2.0\src\Controller\JoueurController.php'
    exception-code: 'Undefined variable $current_cadavre'
[2023-11-20 14:55:11]	[ALERT]	404 - erreur dans le processus de traitement du routage
    routeInfo: array(
        0 => 1,
        1 => 'joueur@joueur',
        2 => array(),
    )
    exception-line: 39
    exception-file: 'C:\Users\joshu\Documents\dev\github\loufok-2.0\src\Controller\JoueurController.php'
    exception-code: 'Undefined variable $joueurModel'
[2023-11-20 14:58:50]	[ALERT]	404 - erreur dans le processus de traitement du routage
    routeInfo: array(
        0 => 1,
        1 => 'joueur@joueur',
        2 => array(),
    )
    exception-line: 32
    exception-file: 'C:\Users\joshu\Documents\dev\github\loufok-2.0\src\Controller\JoueurController.php'
    exception-code: 'Undefined variable $cadavreModel'
[2023-11-20 16:25:30]	[ALERT]	404 - commande non existante :: /loufok/
[2023-11-20 16:48:48]	[ALERT]	404 - erreur dans le processus de traitement du routage
    routeInfo: array(
        0 => 1,
        1 => 'joueur@joueur',
        2 => array(),
    )
    exception-line: 34
    exception-file: 'C:\Users\joshu\Documents\dev\github\loufok-2.0\src\Model\JoueurModel.php'
    exception-code: 'Undefined array key "id_cadavre"'
